98.04.15 14:05 B f:\pub\papers\ss98\abstract.txt --> ftp.tripod.com /ss98 abstract.txt
98.04.15 14:05 B f:\pub\papers\ss98\appendix.html --> ftp.tripod.com /ss98 appendix.html
98.04.15 14:05 B f:\pub\papers\ss98\bio.html --> ftp.tripod.com /ss98 bio.html
98.04.15 14:05 B f:\pub\papers\ss98\bullet1.gif --> ftp.tripod.com /ss98 bullet1.gif
98.04.15 14:05 B f:\pub\papers\ss98\bullet2.gif --> ftp.tripod.com /ss98 bullet2.gif
98.04.15 14:05 B f:\pub\papers\ss98\combined.html --> ftp.tripod.com /ss98 combined.html
98.04.15 14:05 B f:\pub\papers\ss98\componentClass2.html --> ftp.tripod.com /ss98 componentClass2.html
98.04.15 14:05 B f:\pub\papers\ss98\componentConfigurations.html --> ftp.tripod.com /ss98 componentConfigurations.html
98.04.15 14:05 B f:\pub\papers\ss98\componentDesip.html --> ftp.tripod.com /ss98 componentDesip.html
98.04.15 14:05 B f:\pub\papers\ss98\componentHUD.html --> ftp.tripod.com /ss98 componentHUD.html
98.04.15 14:05 B f:\pub\papers\ss98\componentInfrastructure.html --> ftp.tripod.com /ss98 componentInfrastructure.html
98.04.15 14:05 B f:\pub\papers\ss98\componentIPCM.html --> ftp.tripod.com /ss98 componentIPCM.html
98.04.15 14:05 B f:\pub\papers\ss98\componentMML.html --> ftp.tripod.com /ss98 componentMML.html
98.04.15 14:05 B f:\pub\papers\ss98\componentPilot.html --> ftp.tripod.com /ss98 componentPilot.html
98.04.15 14:05 B f:\pub\papers\ss98\componentPortIO.html --> ftp.tripod.com /ss98 componentPortIO.html
98.04.15 14:05 B f:\pub\papers\ss98\componentSerialIO.html --> ftp.tripod.com /ss98 componentSerialIO.html
98.04.15 14:05 B f:\pub\papers\ss98\componentSocketStringCommand.html --> ftp.tripod.com /ss98 componentSocketStringCommand.html
98.04.15 14:05 B f:\pub\papers\ss98\componentTTS.html --> ftp.tripod.com /ss98 componentTTS.html
98.04.15 14:05 B f:\pub\papers\ss98\componentViaVoice.html --> ftp.tripod.com /ss98 componentViaVoice.html
98.04.15 14:05 B f:\pub\papers\ss98\componentVSI.html --> ftp.tripod.com /ss98 componentVSI.html
98.04.15 14:05 B f:\pub\papers\ss98\courseDescription.html --> ftp.tripod.com /ss98 courseDescription.html
98.04.15 14:05 B f:\pub\papers\ss98\designPatterns1.html --> ftp.tripod.com /ss98 designPatterns1.html
98.04.15 14:05 B f:\pub\papers\ss98\designPatterns2.html --> ftp.tripod.com /ss98 designPatterns2.html
98.04.15 14:05 B f:\pub\papers\ss98\designPatterns3.html --> ftp.tripod.com /ss98 designPatterns3.html
98.04.15 14:05 B f:\pub\papers\ss98\fob_l.gif --> ftp.tripod.com /ss98 fob_l.gif
98.04.15 14:05 B f:\pub\papers\ss98\fob_r.gif --> ftp.tripod.com /ss98 fob_r.gif
98.04.15 14:05 B f:\pub\papers\ss98\fob1.gif --> ftp.tripod.com /ss98 fob1.gif
98.04.15 14:05 B f:\pub\papers\ss98\hand_d.gif --> ftp.tripod.com /ss98 hand_d.gif
98.04.15 14:05 B f:\pub\papers\ss98\hand_l.gif --> ftp.tripod.com /ss98 hand_l.gif
98.04.15 14:05 B f:\pub\papers\ss98\hand_r.gif --> ftp.tripod.com /ss98 hand_r.gif
98.04.15 14:05 B f:\pub\papers\ss98\hand_u.gif --> ftp.tripod.com /ss98 hand_u.gif
98.04.15 14:05 B f:\pub\papers\ss98\hardware.html --> ftp.tripod.com /ss98 hardware.html
98.04.15 14:05 B f:\pub\papers\ss98\HobbesInternetTimeline.html --> ftp.tripod.com /ss98 HobbesInternetTimeline.html
98.04.15 14:05 B f:\pub\papers\ss98\ibmlogo.gif --> ftp.tripod.com /ss98 ibmlogo.gif
98.04.15 14:05 B f:\pub\papers\ss98\index.html --> ftp.tripod.com /ss98 index.html
98.04.15 14:06 B f:\pub\papers\ss98\license.jpg --> ftp.tripod.com /ss98 license.jpg
98.04.15 14:06 B f:\pub\papers\ss98\meetTheExpert.html --> ftp.tripod.com /ss98 meetTheExpert.html
98.04.15 14:06 B f:\pub\papers\ss98\meetTheExpert1.html --> ftp.tripod.com /ss98 meetTheExpert1.html
98.04.15 14:06 B f:\pub\papers\ss98\meetTheExpert2.html --> ftp.tripod.com /ss98 meetTheExpert2.html
98.04.15 14:06 B f:\pub\papers\ss98\meetTheExpert3.html --> ftp.tripod.com /ss98 meetTheExpert3.html
98.04.15 14:06 B f:\pub\papers\ss98\meetTheExpert4.html --> ftp.tripod.com /ss98 meetTheExpert4.html
98.04.15 14:06 B f:\pub\papers\ss98\meetTheExpert5.html --> ftp.tripod.com /ss98 meetTheExpert5.html
98.04.15 14:06 B f:\pub\papers\ss98\meetTheExpert6.html --> ftp.tripod.com /ss98 meetTheExpert6.html
98.04.15 14:06 B f:\pub\papers\ss98\meetTheExpert7.html --> ftp.tripod.com /ss98 meetTheExpert7.html
98.04.15 14:06 B f:\pub\papers\ss98\netcar.gif --> ftp.tripod.com /ss98 netcar.gif
98.04.15 14:06 B f:\pub\papers\ss98\otilogo.gif --> ftp.tripod.com /ss98 otilogo.gif
98.04.15 14:06 B f:\pub\papers\ss98\overview.html --> ftp.tripod.com /ss98 overview.html
98.04.15 14:06 B f:\pub\papers\ss98\packaging.html --> ftp.tripod.com /ss98 packaging.html
98.04.15 14:06 B f:\pub\papers\ss98\references.html --> ftp.tripod.com /ss98 references.html
98.04.15 14:06 B f:\pub\papers\ss98\sam.gif --> ftp.tripod.com /ss98 sam.gif
98.04.15 14:06 B f:\pub\papers\ss98\simulators.html --> ftp.tripod.com /ss98 simulators.html
98.04.15 14:06 B f:\pub\papers\ss98\smalltalk98_large.gif --> ftp.tripod.com /ss98 smalltalk98_large.gif
98.04.15 14:06 B f:\pub\papers\ss98\smalltalk98_middle.gif --> ftp.tripod.com /ss98 smalltalk98_middle.gif
98.04.15 14:06 B f:\pub\papers\ss98\smalltalk98_small.gif --> ftp.tripod.com /ss98 smalltalk98_small.gif
98.04.15 14:06 B f:\pub\papers\ss98\software.html --> ftp.tripod.com /ss98 software.html
98.04.15 14:06 B f:\pub\papers\ss98\ss98.css --> ftp.tripod.com /ss98 ss98.css
98.04.15 14:06 B f:\pub\papers\ss98\ss98.html --> ftp.tripod.com /ss98 ss98.html
98.04.15 14:06 B f:\pub\papers\ss98\tableOfContents.html --> ftp.tripod.com /ss98 tableOfContents.html
98.04.15 14:06 B f:\pub\papers\ss98\theEnd.html --> ftp.tripod.com /ss98 theEnd.html
98.04.15 14:06 B f:\pub\papers\ss98\va.gif --> ftp.tripod.com /ss98 va.gif
98.04.15 14:06 B f:\pub\papers\ss98\VistaViewNavGoggles.gif --> ftp.tripod.com /ss98 VistaViewNavGoggles.gif
98.04.15 14:06 B f:\pub\papers\ss98\whatCarCanDo.html --> ftp.tripod.com /ss98 whatCarCanDo.html
98.04.15 14:06 B f:\pub\papers\ss98\whySmalltalk.html --> ftp.tripod.com /ss98 whySmalltalk.html
98.04.17 16:39 B F:\PUB\PAPERS\ss98\abstract.txt --> ftp.tripod.com /ss98 abstract.txt
98.04.17 16:39 B F:\PUB\PAPERS\ss98\appendix.html --> ftp.tripod.com /ss98 appendix.html
98.04.17 16:39 B F:\PUB\PAPERS\ss98\bio.html --> ftp.tripod.com /ss98 bio.html
98.04.17 16:39 B F:\PUB\PAPERS\ss98\bullet1.gif --> ftp.tripod.com /ss98 bullet1.gif
98.04.17 16:39 B F:\PUB\PAPERS\ss98\bullet2.gif --> ftp.tripod.com /ss98 bullet2.gif
98.04.17 16:39 B F:\PUB\PAPERS\ss98\combined.html --> ftp.tripod.com /ss98 combined.html
98.04.17 16:39 B F:\PUB\PAPERS\ss98\componentClass2.html --> ftp.tripod.com /ss98 componentClass2.html
98.04.17 16:39 B F:\PUB\PAPERS\ss98\componentConfigurations.html --> ftp.tripod.com /ss98 componentConfigurations.html
98.04.17 16:39 B F:\PUB\PAPERS\ss98\componentDesip.html --> ftp.tripod.com /ss98 componentDesip.html
98.04.17 16:40 B F:\PUB\PAPERS\ss98\componentHUD.html --> ftp.tripod.com /ss98 componentHUD.html
98.04.17 16:40 B F:\PUB\PAPERS\ss98\componentInfrastructure.html --> ftp.tripod.com /ss98 componentInfrastructure.html
98.04.17 16:40 B F:\PUB\PAPERS\ss98\componentIPCM.html --> ftp.tripod.com /ss98 componentIPCM.html
98.04.17 16:40 B F:\PUB\PAPERS\ss98\componentMML.html --> ftp.tripod.com /ss98 componentMML.html
98.04.17 16:40 B F:\PUB\PAPERS\ss98\componentPilot.html --> ftp.tripod.com /ss98 componentPilot.html
98.04.17 16:40 B F:\PUB\PAPERS\ss98\componentPortIO.html --> ftp.tripod.com /ss98 componentPortIO.html
98.04.17 16:40 B F:\PUB\PAPERS\ss98\componentSerialIO.html --> ftp.tripod.com /ss98 componentSerialIO.html
98.04.17 16:40 B F:\PUB\PAPERS\ss98\componentSocketStringCommand.html --> ftp.tripod.com /ss98 componentSocketStringCommand.html
98.04.17 16:40 B F:\PUB\PAPERS\ss98\componentTTS.html --> ftp.tripod.com /ss98 componentTTS.html
98.04.17 16:40 B F:\PUB\PAPERS\ss98\componentViaVoice.html --> ftp.tripod.com /ss98 componentViaVoice.html
98.04.17 16:40 B F:\PUB\PAPERS\ss98\componentVSI.html --> ftp.tripod.com /ss98 componentVSI.html
98.04.17 16:40 B F:\PUB\PAPERS\ss98\courseDescription.html --> ftp.tripod.com /ss98 courseDescription.html
98.04.17 16:40 B F:\PUB\PAPERS\ss98\designPatterns1.html --> ftp.tripod.com /ss98 designPatterns1.html
98.04.17 16:40 B F:\PUB\PAPERS\ss98\designPatterns2.html --> ftp.tripod.com /ss98 designPatterns2.html
98.04.17 16:40 B F:\PUB\PAPERS\ss98\designPatterns3.html --> ftp.tripod.com /ss98 designPatterns3.html
98.04.17 16:40 B F:\PUB\PAPERS\ss98\fob_l.gif --> ftp.tripod.com /ss98 fob_l.gif
98.04.17 16:40 B F:\PUB\PAPERS\ss98\fob_r.gif --> ftp.tripod.com /ss98 fob_r.gif
98.04.17 16:40 B F:\PUB\PAPERS\ss98\fob1.gif --> ftp.tripod.com /ss98 fob1.gif
98.04.17 16:40 B F:\PUB\PAPERS\ss98\hand_d.gif --> ftp.tripod.com /ss98 hand_d.gif
98.04.17 16:40 B F:\PUB\PAPERS\ss98\hand_l.gif --> ftp.tripod.com /ss98 hand_l.gif
98.04.17 16:40 B F:\PUB\PAPERS\ss98\hand_r.gif --> ftp.tripod.com /ss98 hand_r.gif
98.04.17 16:40 B F:\PUB\PAPERS\ss98\hand_u.gif --> ftp.tripod.com /ss98 hand_u.gif
98.04.17 16:40 B F:\PUB\PAPERS\ss98\hardware.html --> ftp.tripod.com /ss98 hardware.html
98.04.17 16:40 B F:\PUB\PAPERS\ss98\HobbesInternetTimeline.html --> ftp.tripod.com /ss98 HobbesInternetTimeline.html
98.04.17 16:40 B F:\PUB\PAPERS\ss98\ibmlogo.gif --> ftp.tripod.com /ss98 ibmlogo.gif
98.04.17 16:40 B F:\PUB\PAPERS\ss98\index.html --> ftp.tripod.com /ss98 index.html
98.04.17 16:41 B F:\PUB\PAPERS\ss98\license.jpg --> ftp.tripod.com /ss98 license.jpg
98.04.17 16:41 B F:\PUB\PAPERS\ss98\meetTheExpert.html --> ftp.tripod.com /ss98 meetTheExpert.html
98.04.17 16:41 B F:\PUB\PAPERS\ss98\meetTheExpert1.html --> ftp.tripod.com /ss98 meetTheExpert1.html
98.04.17 16:41 B F:\PUB\PAPERS\ss98\meetTheExpert2.html --> ftp.tripod.com /ss98 meetTheExpert2.html
98.04.17 16:41 B F:\PUB\PAPERS\ss98\meetTheExpert3.html --> ftp.tripod.com /ss98 meetTheExpert3.html
98.04.17 16:41 B F:\PUB\PAPERS\ss98\meetTheExpert4.html --> ftp.tripod.com /ss98 meetTheExpert4.html
98.04.17 16:41 B F:\PUB\PAPERS\ss98\meetTheExpert5.html --> ftp.tripod.com /ss98 meetTheExpert5.html
98.04.17 16:41 B F:\PUB\PAPERS\ss98\meetTheExpert6.html --> ftp.tripod.com /ss98 meetTheExpert6.html
98.04.17 16:41 B F:\PUB\PAPERS\ss98\meetTheExpert7.html --> ftp.tripod.com /ss98 meetTheExpert7.html
98.04.17 16:41 B F:\PUB\PAPERS\ss98\netcar.gif --> ftp.tripod.com /ss98 netcar.gif
98.04.17 16:41 B F:\PUB\PAPERS\ss98\netcar.zip --> ftp.tripod.com /ss98 netcar.zip
98.04.17 16:41 B F:\PUB\PAPERS\ss98\otilogo.gif --> ftp.tripod.com /ss98 otilogo.gif
98.04.17 16:41 B F:\PUB\PAPERS\ss98\overview.html --> ftp.tripod.com /ss98 overview.html
98.04.17 16:41 B F:\PUB\PAPERS\ss98\packaging.html --> ftp.tripod.com /ss98 packaging.html
98.04.17 16:41 B F:\PUB\PAPERS\ss98\references.html --> ftp.tripod.com /ss98 references.html
98.04.17 16:41 B F:\PUB\PAPERS\ss98\sam.gif --> ftp.tripod.com /ss98 sam.gif
98.04.17 16:41 B F:\PUB\PAPERS\ss98\simulators.html --> ftp.tripod.com /ss98 simulators.html
98.04.17 16:41 B F:\PUB\PAPERS\ss98\smalltalk98_large.gif --> ftp.tripod.com /ss98 smalltalk98_large.gif
98.04.17 16:41 B F:\PUB\PAPERS\ss98\smalltalk98_middle.gif --> ftp.tripod.com /ss98 smalltalk98_middle.gif
98.04.17 16:41 B F:\PUB\PAPERS\ss98\smalltalk98_small.gif --> ftp.tripod.com /ss98 smalltalk98_small.gif
98.04.17 16:41 B F:\PUB\PAPERS\ss98\software.html --> ftp.tripod.com /ss98 software.html
98.04.17 16:41 B F:\PUB\PAPERS\ss98\ss98.css --> ftp.tripod.com /ss98 ss98.css
98.04.17 16:41 B F:\PUB\PAPERS\ss98\ss98.css.old --> ftp.tripod.com /ss98 ss98.css.old
98.04.17 16:41 B F:\PUB\PAPERS\ss98\ss98.html --> ftp.tripod.com /ss98 ss98.html
98.04.17 16:41 B F:\PUB\PAPERS\ss98\ss98.zip --> ftp.tripod.com /ss98 ss98.zip
98.04.17 16:42 B F:\PUB\PAPERS\ss98\tableOfContents.html --> ftp.tripod.com /ss98 tableOfContents.html
98.04.17 16:42 B F:\PUB\PAPERS\ss98\theEnd.html --> ftp.tripod.com /ss98 theEnd.html
98.04.17 16:42 B F:\PUB\PAPERS\ss98\va.gif --> ftp.tripod.com /ss98 va.gif
98.04.17 16:42 B F:\PUB\PAPERS\ss98\VistaViewNavGoggles.gif --> ftp.tripod.com /ss98 VistaViewNavGoggles.gif
98.04.17 16:42 B F:\PUB\PAPERS\ss98\whatCarCanDo.html --> ftp.tripod.com /ss98 whatCarCanDo.html
98.04.17 16:42 B F:\PUB\PAPERS\ss98\whySmalltalk.html --> ftp.tripod.com /ss98 whySmalltalk.html
98.04.17 16:42 B F:\PUB\PAPERS\ss98\ws_ftp.log --> ftp.tripod.com /ss98 ws_ftp.log
98.04.17 16:44 B F:\PUB\PAPERS\ss98\netcar.zip --> ftp.tripod.com /ss98 netcar.zip
98.05.01 17:22 B F:\PUB\PAPERS\ss98\abstract.txt --> ftp.tripod.com /ss98 abstract.txt
98.05.01 17:22 B F:\PUB\PAPERS\ss98\appendix.html --> ftp.tripod.com /ss98 appendix.html
98.05.01 17:22 B F:\PUB\PAPERS\ss98\bio.html --> ftp.tripod.com /ss98 bio.html
98.05.01 17:22 B F:\PUB\PAPERS\ss98\bullet1.gif --> ftp.tripod.com /ss98 bullet1.gif
98.05.01 17:22 B F:\PUB\PAPERS\ss98\bullet2.gif --> ftp.tripod.com /ss98 bullet2.gif
98.05.01 17:22 B F:\PUB\PAPERS\ss98\combined.html --> ftp.tripod.com /ss98 combined.html
98.05.01 17:22 B F:\PUB\PAPERS\ss98\componentClass2.html --> ftp.tripod.com /ss98 componentClass2.html
98.05.01 17:22 B F:\PUB\PAPERS\ss98\componentConfigurations.html --> ftp.tripod.com /ss98 componentConfigurations.html
98.05.01 17:22 B F:\PUB\PAPERS\ss98\componentDesip.html --> ftp.tripod.com /ss98 componentDesip.html
98.05.01 17:22 B F:\PUB\PAPERS\ss98\componentHUD.html --> ftp.tripod.com /ss98 componentHUD.html
98.05.01 17:22 B F:\PUB\PAPERS\ss98\componentInfrastructure.html --> ftp.tripod.com /ss98 componentInfrastructure.html
98.05.01 17:22 B F:\PUB\PAPERS\ss98\componentIPCM.html --> ftp.tripod.com /ss98 componentIPCM.html
98.05.01 17:22 B F:\PUB\PAPERS\ss98\componentMML.html --> ftp.tripod.com /ss98 componentMML.html
98.05.01 17:22 B F:\PUB\PAPERS\ss98\componentPilot.html --> ftp.tripod.com /ss98 componentPilot.html
98.05.01 17:22 B F:\PUB\PAPERS\ss98\componentPortIO.html --> ftp.tripod.com /ss98 componentPortIO.html
98.05.01 17:22 B F:\PUB\PAPERS\ss98\componentSerialIO.html --> ftp.tripod.com /ss98 componentSerialIO.html
98.05.01 17:22 B F:\PUB\PAPERS\ss98\componentSocketStringCommand.html --> ftp.tripod.com /ss98 componentSocketStringCommand.html
98.05.01 17:22 B F:\PUB\PAPERS\ss98\componentTTS.html --> ftp.tripod.com /ss98 componentTTS.html
98.05.01 17:22 B F:\PUB\PAPERS\ss98\componentViaVoice.html --> ftp.tripod.com /ss98 componentViaVoice.html
98.05.01 17:22 B F:\PUB\PAPERS\ss98\componentVSI.html --> ftp.tripod.com /ss98 componentVSI.html
98.05.01 17:22 B F:\PUB\PAPERS\ss98\courseDescription.html --> ftp.tripod.com /ss98 courseDescription.html
98.05.01 17:22 B F:\PUB\PAPERS\ss98\designPatterns1.html --> ftp.tripod.com /ss98 designPatterns1.html
98.05.01 17:22 B F:\PUB\PAPERS\ss98\designPatterns2.html --> ftp.tripod.com /ss98 designPatterns2.html
98.05.01 17:22 B F:\PUB\PAPERS\ss98\designPatterns3.html --> ftp.tripod.com /ss98 designPatterns3.html
98.05.01 17:22 B F:\PUB\PAPERS\ss98\fob_l.gif --> ftp.tripod.com /ss98 fob_l.gif
98.05.01 17:22 B F:\PUB\PAPERS\ss98\fob_r.gif --> ftp.tripod.com /ss98 fob_r.gif
98.05.01 17:22 B F:\PUB\PAPERS\ss98\fob1.gif --> ftp.tripod.com /ss98 fob1.gif
98.05.01 17:22 B F:\PUB\PAPERS\ss98\hand_d.gif --> ftp.tripod.com /ss98 hand_d.gif
98.05.01 17:22 B F:\PUB\PAPERS\ss98\hand_l.gif --> ftp.tripod.com /ss98 hand_l.gif
98.05.01 17:22 B F:\PUB\PAPERS\ss98\hand_r.gif --> ftp.tripod.com /ss98 hand_r.gif
98.05.01 17:22 B F:\PUB\PAPERS\ss98\hand_u.gif --> ftp.tripod.com /ss98 hand_u.gif
98.05.01 17:22 B F:\PUB\PAPERS\ss98\hardware.html --> ftp.tripod.com /ss98 hardware.html
98.05.01 17:22 B F:\PUB\PAPERS\ss98\HobbesInternetTimeline.html --> ftp.tripod.com /ss98 HobbesInternetTimeline.html
98.05.01 17:22 B F:\PUB\PAPERS\ss98\ibmlogo.gif --> ftp.tripod.com /ss98 ibmlogo.gif
98.05.01 17:22 B F:\PUB\PAPERS\ss98\index.html --> ftp.tripod.com /ss98 index.html
98.05.01 17:23 B F:\PUB\PAPERS\ss98\license.jpg --> ftp.tripod.com /ss98 license.jpg
98.05.01 17:23 B F:\PUB\PAPERS\ss98\meetTheExpert.html --> ftp.tripod.com /ss98 meetTheExpert.html
98.05.01 17:23 B F:\PUB\PAPERS\ss98\meetTheExpert1.html --> ftp.tripod.com /ss98 meetTheExpert1.html
98.05.01 17:23 B F:\PUB\PAPERS\ss98\meetTheExpert2.html --> ftp.tripod.com /ss98 meetTheExpert2.html
98.05.01 17:23 B F:\PUB\PAPERS\ss98\meetTheExpert3.html --> ftp.tripod.com /ss98 meetTheExpert3.html
98.05.01 17:23 B F:\PUB\PAPERS\ss98\meetTheExpert4.html --> ftp.tripod.com /ss98 meetTheExpert4.html
98.05.01 17:23 B F:\PUB\PAPERS\ss98\meetTheExpert5.html --> ftp.tripod.com /ss98 meetTheExpert5.html
98.05.01 17:23 B F:\PUB\PAPERS\ss98\meetTheExpert6.html --> ftp.tripod.com /ss98 meetTheExpert6.html
98.05.01 17:23 B F:\PUB\PAPERS\ss98\meetTheExpert7.html --> ftp.tripod.com /ss98 meetTheExpert7.html
98.05.01 17:23 B F:\PUB\PAPERS\ss98\netcar.gif --> ftp.tripod.com /ss98 netcar.gif
98.05.01 17:23 B F:\PUB\PAPERS\ss98\netcar.zip --> ftp.tripod.com /ss98 netcar.zip
98.05.01 17:23 B F:\PUB\PAPERS\ss98\otilogo.gif --> ftp.tripod.com /ss98 otilogo.gif
98.05.01 17:23 B F:\PUB\PAPERS\ss98\overview.html --> ftp.tripod.com /ss98 overview.html
98.05.01 17:23 B F:\PUB\PAPERS\ss98\packaging.html --> ftp.tripod.com /ss98 packaging.html
98.05.01 17:23 B F:\PUB\PAPERS\ss98\references.html --> ftp.tripod.com /ss98 references.html
98.05.01 17:23 B F:\PUB\PAPERS\ss98\sam.gif --> ftp.tripod.com /ss98 sam.gif
98.05.01 17:23 B F:\PUB\PAPERS\ss98\scenario1.html --> ftp.tripod.com /ss98 scenario1.html
98.05.01 17:23 B F:\PUB\PAPERS\ss98\scenario2.html --> ftp.tripod.com /ss98 scenario2.html
98.05.01 17:23 B F:\PUB\PAPERS\ss98\scenario3.html --> ftp.tripod.com /ss98 scenario3.html
98.05.01 17:23 B F:\PUB\PAPERS\ss98\scenario4.html --> ftp.tripod.com /ss98 scenario4.html
98.05.01 17:23 B F:\PUB\PAPERS\ss98\scenario5.html --> ftp.tripod.com /ss98 scenario5.html
98.05.01 17:23 B F:\PUB\PAPERS\ss98\simulators.html --> ftp.tripod.com /ss98 simulators.html
98.05.01 17:23 B F:\PUB\PAPERS\ss98\smalltalk98_large.gif --> ftp.tripod.com /ss98 smalltalk98_large.gif
98.05.01 17:23 B F:\PUB\PAPERS\ss98\smalltalk98_middle.gif --> ftp.tripod.com /ss98 smalltalk98_middle.gif
98.05.01 17:23 B F:\PUB\PAPERS\ss98\smalltalk98_small.gif --> ftp.tripod.com /ss98 smalltalk98_small.gif
98.05.01 17:23 B F:\PUB\PAPERS\ss98\software.html --> ftp.tripod.com /ss98 software.html
98.05.01 17:23 B F:\PUB\PAPERS\ss98\ss98.css --> ftp.tripod.com /ss98 ss98.css
98.05.01 17:23 B F:\PUB\PAPERS\ss98\ss98.css.old --> ftp.tripod.com /ss98 ss98.css.old
98.05.01 17:24 B F:\PUB\PAPERS\ss98\ss98.dat --> ftp.tripod.com /ss98 ss98.dat
98.05.01 17:24 B F:\PUB\PAPERS\ss98\ss98.html --> ftp.tripod.com /ss98 ss98.html
98.05.01 17:25 B F:\PUB\PAPERS\ss98\ss98.zip --> ftp.tripod.com /ss98 ss98.zip
98.05.01 17:30 B F:\PUB\PAPERS\ss98\abstract.txt --> ftp.tripod.com /ss98 abstract.txt
98.05.01 17:30 B F:\PUB\PAPERS\ss98\appendix.html --> ftp.tripod.com /ss98 appendix.html
98.05.01 17:30 B F:\PUB\PAPERS\ss98\bio.html --> ftp.tripod.com /ss98 bio.html
98.05.01 17:30 B F:\PUB\PAPERS\ss98\bullet1.gif --> ftp.tripod.com /ss98 bullet1.gif
98.05.01 17:30 B F:\PUB\PAPERS\ss98\bullet2.gif --> ftp.tripod.com /ss98 bullet2.gif
98.05.01 17:30 B F:\PUB\PAPERS\ss98\combined.html --> ftp.tripod.com /ss98 combined.html
98.05.01 17:30 B F:\PUB\PAPERS\ss98\componentClass2.html --> ftp.tripod.com /ss98 componentClass2.html
98.05.01 17:30 B F:\PUB\PAPERS\ss98\componentConfigurations.html --> ftp.tripod.com /ss98 componentConfigurations.html
98.05.01 17:30 B F:\PUB\PAPERS\ss98\componentDesip.html --> ftp.tripod.com /ss98 componentDesip.html
98.05.01 17:30 B F:\PUB\PAPERS\ss98\componentHUD.html --> ftp.tripod.com /ss98 componentHUD.html
98.05.01 17:30 B F:\PUB\PAPERS\ss98\componentInfrastructure.html --> ftp.tripod.com /ss98 componentInfrastructure.html
98.05.01 17:30 B F:\PUB\PAPERS\ss98\componentIPCM.html --> ftp.tripod.com /ss98 componentIPCM.html
98.05.01 17:30 B F:\PUB\PAPERS\ss98\componentMML.html --> ftp.tripod.com /ss98 componentMML.html
98.05.01 17:30 B F:\PUB\PAPERS\ss98\componentPilot.html --> ftp.tripod.com /ss98 componentPilot.html
98.05.01 17:30 B F:\PUB\PAPERS\ss98\componentPortIO.html --> ftp.tripod.com /ss98 componentPortIO.html
98.05.01 17:30 B F:\PUB\PAPERS\ss98\componentSerialIO.html --> ftp.tripod.com /ss98 componentSerialIO.html
98.05.01 17:31 B F:\PUB\PAPERS\ss98\componentSocketStringCommand.html --> ftp.tripod.com /ss98 componentSocketStringCommand.html
98.05.01 17:31 B F:\PUB\PAPERS\ss98\componentTTS.html --> ftp.tripod.com /ss98 componentTTS.html
98.05.01 17:31 B F:\PUB\PAPERS\ss98\componentViaVoice.html --> ftp.tripod.com /ss98 componentViaVoice.html
98.05.01 17:31 B F:\PUB\PAPERS\ss98\componentVSI.html --> ftp.tripod.com /ss98 componentVSI.html
98.05.01 17:31 B F:\PUB\PAPERS\ss98\courseDescription.html --> ftp.tripod.com /ss98 courseDescription.html
98.05.01 17:31 B F:\PUB\PAPERS\ss98\designPatterns1.html --> ftp.tripod.com /ss98 designPatterns1.html
98.05.01 17:31 B F:\PUB\PAPERS\ss98\designPatterns2.html --> ftp.tripod.com /ss98 designPatterns2.html
98.05.01 17:31 B F:\PUB\PAPERS\ss98\designPatterns3.html --> ftp.tripod.com /ss98 designPatterns3.html
98.05.01 17:31 B F:\PUB\PAPERS\ss98\fob_l.gif --> ftp.tripod.com /ss98 fob_l.gif
98.05.01 17:31 B F:\PUB\PAPERS\ss98\fob_r.gif --> ftp.tripod.com /ss98 fob_r.gif
98.05.01 17:31 B F:\PUB\PAPERS\ss98\fob1.gif --> ftp.tripod.com /ss98 fob1.gif
98.05.01 17:31 B F:\PUB\PAPERS\ss98\hand_d.gif --> ftp.tripod.com /ss98 hand_d.gif
98.05.01 17:31 B F:\PUB\PAPERS\ss98\hand_l.gif --> ftp.tripod.com /ss98 hand_l.gif
98.05.01 17:31 B F:\PUB\PAPERS\ss98\hand_r.gif --> ftp.tripod.com /ss98 hand_r.gif
98.05.01 17:31 B F:\PUB\PAPERS\ss98\hand_u.gif --> ftp.tripod.com /ss98 hand_u.gif
98.05.01 17:31 B F:\PUB\PAPERS\ss98\hardware.html --> ftp.tripod.com /ss98 hardware.html
98.05.01 17:31 B F:\PUB\PAPERS\ss98\HobbesInternetTimeline.html --> ftp.tripod.com /ss98 HobbesInternetTimeline.html
98.05.01 17:31 B F:\PUB\PAPERS\ss98\ibmlogo.gif --> ftp.tripod.com /ss98 ibmlogo.gif
98.05.01 17:31 B F:\PUB\PAPERS\ss98\index.html --> ftp.tripod.com /ss98 index.html
98.05.01 17:32 B F:\PUB\PAPERS\ss98\license.jpg --> ftp.tripod.com /ss98 license.jpg
98.05.01 17:32 B F:\PUB\PAPERS\ss98\meetTheExpert.html --> ftp.tripod.com /ss98 meetTheExpert.html
98.05.01 17:32 B F:\PUB\PAPERS\ss98\meetTheExpert1.html --> ftp.tripod.com /ss98 meetTheExpert1.html
98.05.01 17:32 B F:\PUB\PAPERS\ss98\meetTheExpert2.html --> ftp.tripod.com /ss98 meetTheExpert2.html
98.05.01 17:32 B F:\PUB\PAPERS\ss98\meetTheExpert3.html --> ftp.tripod.com /ss98 meetTheExpert3.html
98.05.01 17:32 B F:\PUB\PAPERS\ss98\meetTheExpert4.html --> ftp.tripod.com /ss98 meetTheExpert4.html
98.05.01 17:32 B F:\PUB\PAPERS\ss98\meetTheExpert5.html --> ftp.tripod.com /ss98 meetTheExpert5.html
98.05.01 17:32 B F:\PUB\PAPERS\ss98\meetTheExpert6.html --> ftp.tripod.com /ss98 meetTheExpert6.html
98.05.01 17:32 B F:\PUB\PAPERS\ss98\meetTheExpert7.html --> ftp.tripod.com /ss98 meetTheExpert7.html
98.05.01 17:32 B F:\PUB\PAPERS\ss98\netcar.gif --> ftp.tripod.com /ss98 netcar.gif
98.05.01 17:32 B F:\PUB\PAPERS\ss98\netcar.zip --> ftp.tripod.com /ss98 netcar.zip
98.05.01 17:32 B F:\PUB\PAPERS\ss98\otilogo.gif --> ftp.tripod.com /ss98 otilogo.gif
98.05.01 17:32 B F:\PUB\PAPERS\ss98\overview.html --> ftp.tripod.com /ss98 overview.html
98.05.01 17:32 B F:\PUB\PAPERS\ss98\packaging.html --> ftp.tripod.com /ss98 packaging.html
98.05.01 17:32 B F:\PUB\PAPERS\ss98\references.html --> ftp.tripod.com /ss98 references.html
98.05.01 17:32 B F:\PUB\PAPERS\ss98\sam.gif --> ftp.tripod.com /ss98 sam.gif
98.05.01 17:32 B F:\PUB\PAPERS\ss98\scenario1.html --> ftp.tripod.com /ss98 scenario1.html
98.05.01 17:32 B F:\PUB\PAPERS\ss98\scenario2.html --> ftp.tripod.com /ss98 scenario2.html
98.05.01 17:32 B F:\PUB\PAPERS\ss98\scenario3.html --> ftp.tripod.com /ss98 scenario3.html
98.05.01 17:32 B F:\PUB\PAPERS\ss98\scenario4.html --> ftp.tripod.com /ss98 scenario4.html
98.05.01 17:32 B F:\PUB\PAPERS\ss98\scenario5.html --> ftp.tripod.com /ss98 scenario5.html
98.05.01 17:32 B F:\PUB\PAPERS\ss98\simulators.html --> ftp.tripod.com /ss98 simulators.html
98.05.01 17:32 B F:\PUB\PAPERS\ss98\smalltalk98_large.gif --> ftp.tripod.com /ss98 smalltalk98_large.gif
98.05.01 17:32 B F:\PUB\PAPERS\ss98\smalltalk98_middle.gif --> ftp.tripod.com /ss98 smalltalk98_middle.gif
98.05.01 17:32 B F:\PUB\PAPERS\ss98\smalltalk98_small.gif --> ftp.tripod.com /ss98 smalltalk98_small.gif
98.05.01 17:32 B F:\PUB\PAPERS\ss98\software.html --> ftp.tripod.com /ss98 software.html
98.05.01 17:32 B F:\PUB\PAPERS\ss98\ss98.css --> ftp.tripod.com /ss98 ss98.css
98.05.01 17:32 B F:\PUB\PAPERS\ss98\ss98.html --> ftp.tripod.com /ss98 ss98.html
98.05.01 17:33 B F:\PUB\PAPERS\ss98\ss98.zip --> ftp.tripod.com /ss98 ss98.zip
98.05.01 17:33 B F:\PUB\PAPERS\ss98\tableOfContents.html --> ftp.tripod.com /ss98 tableOfContents.html
98.05.01 17:33 B F:\PUB\PAPERS\ss98\theEnd.html --> ftp.tripod.com /ss98 theEnd.html
98.05.01 17:33 B F:\PUB\PAPERS\ss98\va.gif --> ftp.tripod.com /ss98 va.gif
98.05.01 17:33 B F:\PUB\PAPERS\ss98\VistaViewNavGoggles.gif --> ftp.tripod.com /ss98 VistaViewNavGoggles.gif
98.05.01 17:33 B F:\PUB\PAPERS\ss98\whatCarCanDo.html --> ftp.tripod.com /ss98 whatCarCanDo.html
98.05.01 17:33 B F:\PUB\PAPERS\ss98\whySmalltalk.html --> ftp.tripod.com /ss98 whySmalltalk.html
