98.04.02 11:22 B F:\PUB\PAPERS\SS97\advancedTechniques.html --> ftp.tripod.com /ss97 advancedTechniques.html
98.04.02 11:22 B F:\PUB\PAPERS\SS97\advancedUserInterface.html --> ftp.tripod.com /ss97 advancedUserInterface.html
98.04.02 11:22 B F:\PUB\PAPERS\SS97\appendix.html --> ftp.tripod.com /ss97 appendix.html
98.04.02 11:22 B F:\PUB\PAPERS\SS97\appletsAndPlugins.html --> ftp.tripod.com /ss97 appletsAndPlugins.html
98.04.02 11:22 B F:\PUB\PAPERS\SS97\background.gif --> ftp.tripod.com /ss97 background.gif
98.04.02 11:22 B F:\PUB\PAPERS\SS97\background1.gif --> ftp.tripod.com /ss97 background1.gif
98.04.02 11:22 B F:\PUB\PAPERS\SS97\background2.gif --> ftp.tripod.com /ss97 background2.gif
98.04.02 11:22 B F:\PUB\PAPERS\SS97\browserBugs.html --> ftp.tripod.com /ss97 browserBugs.html
98.04.02 11:22 B F:\PUB\PAPERS\SS97\cachingProblem.html --> ftp.tripod.com /ss97 cachingProblem.html
98.04.02 11:22 B F:\PUB\PAPERS\SS97\cookieGetting.html --> ftp.tripod.com /ss97 cookieGetting.html
98.04.02 11:22 B F:\PUB\PAPERS\SS97\cookieIntro.html --> ftp.tripod.com /ss97 cookieIntro.html
98.04.02 11:22 B F:\PUB\PAPERS\SS97\cookieSetting.html --> ftp.tripod.com /ss97 cookieSetting.html
98.04.02 11:22 B F:\PUB\PAPERS\SS97\courseDescription.html --> ftp.tripod.com /ss97 courseDescription.html
98.04.02 11:22 B F:\PUB\PAPERS\SS97\frames.html --> ftp.tripod.com /ss97 frames.html
98.04.02 11:22 B F:\PUB\PAPERS\SS97\futureUiDirections.html --> ftp.tripod.com /ss97 futureUiDirections.html
98.04.02 11:22 B F:\PUB\PAPERS\SS97\hand_l.gif --> ftp.tripod.com /ss97 hand_l.gif
98.04.02 11:22 B F:\PUB\PAPERS\SS97\hand_r.gif --> ftp.tripod.com /ss97 hand_r.gif
98.04.02 11:22 B F:\PUB\PAPERS\SS97\hand_u.gif --> ftp.tripod.com /ss97 hand_u.gif
98.04.02 11:22 B F:\PUB\PAPERS\SS97\httpMessages.html --> ftp.tripod.com /ss97 httpMessages.html
98.04.02 11:22 B F:\PUB\PAPERS\SS97\index.html --> ftp.tripod.com /ss97 index.html
98.04.02 11:22 B F:\PUB\PAPERS\SS97\javaAppletsAccessingServers.html --> ftp.tripod.com /ss97 javaAppletsAccessingServers.html
98.04.02 11:22 B F:\PUB\PAPERS\SS97\javaAppletsAsExtendedWidgets.html --> ftp.tripod.com /ss97 javaAppletsAsExtendedWidgets.html
98.04.02 11:22 B F:\PUB\PAPERS\SS97\legalGlorp.html --> ftp.tripod.com /ss97 legalGlorp.html
98.04.02 11:23 B F:\PUB\PAPERS\SS97\otherTables.html --> ftp.tripod.com /ss97 otherTables.html
98.04.02 11:23 B F:\PUB\PAPERS\SS97\overview.html --> ftp.tripod.com /ss97 overview.html
98.04.02 11:23 B F:\PUB\PAPERS\SS97\references.html --> ftp.tripod.com /ss97 references.html
98.04.02 11:23 B F:\PUB\PAPERS\SS97\serverBugs.html --> ftp.tripod.com /ss97 serverBugs.html
98.04.02 11:23 B F:\PUB\PAPERS\SS97\serverSideIncludes.html --> ftp.tripod.com /ss97 serverSideIncludes.html
98.04.02 11:23 B F:\PUB\PAPERS\SS97\smalltalkAdvantage.html --> ftp.tripod.com /ss97 smalltalkAdvantage.html
98.04.02 11:23 B F:\PUB\PAPERS\SS97\tableAndBackground.html --> ftp.tripod.com /ss97 tableAndBackground.html
98.04.02 11:23 B F:\PUB\PAPERS\SS97\tableOfContents.html --> ftp.tripod.com /ss97 tableOfContents.html
98.04.02 11:23 B F:\PUB\PAPERS\SS97\tables.html --> ftp.tripod.com /ss97 tables.html
98.04.02 11:23 B F:\PUB\PAPERS\SS97\title.html --> ftp.tripod.com /ss97 title.html
98.04.02 11:23 B F:\PUB\PAPERS\SS97\totallyBadBrowsers.html --> ftp.tripod.com /ss97 totallyBadBrowsers.html
98.04.02 11:23 B F:\PUB\PAPERS\SS97\va.gif --> ftp.tripod.com /ss97 va.gif
98.04.02 11:23 B F:\PUB\PAPERS\SS97\vawww.gif --> ftp.tripod.com /ss97 vawww.gif
98.04.02 11:23 B F:\PUB\PAPERS\SS97\vawww-orig.gif --> ftp.tripod.com /ss97 vawww-orig.gif
98.04.02 11:23 B F:\PUB\PAPERS\SS97\vawww-s.gif --> ftp.tripod.com /ss97 vawww-s.gif
