98.04.02 11:12 B F:\PUB\PAPERS\oopsla95\cgilink.html --> ftp.tripod.com /oopsla95 cgilink.html
98.04.02 11:12 B F:\PUB\PAPERS\oopsla95\cgilneat.html --> ftp.tripod.com /oopsla95 cgilneat.html
98.04.02 11:12 B F:\PUB\PAPERS\oopsla95\cgilpict.gif --> ftp.tripod.com /oopsla95 cgilpict.gif
98.04.02 11:12 B F:\PUB\PAPERS\oopsla95\cgilpict.html --> ftp.tripod.com /oopsla95 cgilpict.html
98.04.02 11:12 B F:\PUB\PAPERS\oopsla95\comelatr.html --> ftp.tripod.com /oopsla95 comelatr.html
98.04.02 11:12 B F:\PUB\PAPERS\oopsla95\comesoon.html --> ftp.tripod.com /oopsla95 comesoon.html
98.04.02 11:12 B F:\PUB\PAPERS\oopsla95\currstat.html --> ftp.tripod.com /oopsla95 currstat.html
98.04.02 11:12 B F:\PUB\PAPERS\oopsla95\d_hand.gif --> ftp.tripod.com /oopsla95 d_hand.gif
98.04.02 11:12 B F:\PUB\PAPERS\oopsla95\futmech.html --> ftp.tripod.com /oopsla95 futmech.html
98.04.02 11:12 B F:\PUB\PAPERS\oopsla95\future.html --> ftp.tripod.com /oopsla95 future.html
98.04.02 11:12 B F:\PUB\PAPERS\oopsla95\ibmlogo.gif --> ftp.tripod.com /oopsla95 ibmlogo.gif
98.04.02 11:12 B F:\PUB\PAPERS\oopsla95\ibmlogob.gif --> ftp.tripod.com /oopsla95 ibmlogob.gif
98.04.02 11:12 B F:\PUB\PAPERS\oopsla95\index.html --> ftp.tripod.com /oopsla95 index.html
98.04.02 11:12 B F:\PUB\PAPERS\oopsla95\intro1.html --> ftp.tripod.com /oopsla95 intro1.html
98.04.02 11:12 B F:\PUB\PAPERS\oopsla95\intro2.html --> ftp.tripod.com /oopsla95 intro2.html
98.04.02 11:12 B F:\PUB\PAPERS\oopsla95\l_hand.gif --> ftp.tripod.com /oopsla95 l_hand.gif
98.04.02 11:12 B F:\PUB\PAPERS\oopsla95\notices.html --> ftp.tripod.com /oopsla95 notices.html
98.04.02 11:12 B F:\PUB\PAPERS\oopsla95\oopsla95.gif --> ftp.tripod.com /oopsla95 oopsla95.gif
98.04.02 11:13 B F:\PUB\PAPERS\oopsla95\oopsla95s.gif --> ftp.tripod.com /oopsla95 oopsla95s.gif
98.04.02 11:13 B F:\PUB\PAPERS\oopsla95\overv.html --> ftp.tripod.com /oopsla95 overv.html
98.04.02 11:13 B F:\PUB\PAPERS\oopsla95\r_hand.gif --> ftp.tripod.com /oopsla95 r_hand.gif
98.04.02 11:13 B F:\PUB\PAPERS\oopsla95\ref.html --> ftp.tripod.com /oopsla95 ref.html
98.04.02 11:13 B F:\PUB\PAPERS\oopsla95\stapps.html --> ftp.tripod.com /oopsla95 stapps.html
98.04.02 11:13 B F:\PUB\PAPERS\oopsla95\stobjs.html --> ftp.tripod.com /oopsla95 stobjs.html
98.04.02 11:13 B F:\PUB\PAPERS\oopsla95\title.html --> ftp.tripod.com /oopsla95 title.html
98.04.02 11:13 B F:\PUB\PAPERS\oopsla95\toc.html --> ftp.tripod.com /oopsla95 toc.html
98.04.02 11:13 B F:\PUB\PAPERS\oopsla95\trailer.html --> ftp.tripod.com /oopsla95 trailer.html
98.04.02 11:13 B F:\PUB\PAPERS\oopsla95\u_hand.gif --> ftp.tripod.com /oopsla95 u_hand.gif
98.04.02 11:13 B F:\PUB\PAPERS\oopsla95\vareply.gif --> ftp.tripod.com /oopsla95 vareply.gif
98.04.02 11:13 B F:\PUB\PAPERS\oopsla95\vareply.html --> ftp.tripod.com /oopsla95 vareply.html
98.04.02 11:13 B F:\PUB\PAPERS\oopsla95\vawww.gif --> ftp.tripod.com /oopsla95 vawww.gif
98.04.02 11:13 B F:\PUB\PAPERS\oopsla95\vawww.html --> ftp.tripod.com /oopsla95 vawww.html
98.04.02 11:13 B F:\PUB\PAPERS\oopsla95\wereply.gif --> ftp.tripod.com /oopsla95 wereply.gif
98.04.02 11:13 B F:\PUB\PAPERS\oopsla95\wereply.html --> ftp.tripod.com /oopsla95 wereply.html
98.04.02 11:13 B F:\PUB\PAPERS\oopsla95\whynocgi.html --> ftp.tripod.com /oopsla95 whynocgi.html
