98.04.02 11:19 B F:\PUB\PAPERS\ss96\d_hand.gif --> ftp.tripod.com /ss96 d_hand.gif
98.04.02 11:19 B F:\PUB\PAPERS\ss96\gball.gif --> ftp.tripod.com /ss96 gball.gif
98.04.02 11:20 B F:\PUB\PAPERS\ss96\greenball.gif --> ftp.tripod.com /ss96 greenball.gif
98.04.02 11:20 B F:\PUB\PAPERS\ss96\l_hand.gif --> ftp.tripod.com /ss96 l_hand.gif
98.04.02 11:20 B F:\PUB\PAPERS\ss96\pat.htm --> ftp.tripod.com /ss96 pat.htm
98.04.02 11:20 B F:\PUB\PAPERS\ss96\PatrickMueller.gif --> ftp.tripod.com /ss96 PatrickMueller.gif
98.04.02 11:20 B F:\PUB\PAPERS\ss96\pmuellr.gif --> ftp.tripod.com /ss96 pmuellr.gif
98.04.02 11:20 B F:\PUB\PAPERS\ss96\r_hand.gif --> ftp.tripod.com /ss96 r_hand.gif
98.04.02 11:20 B F:\PUB\PAPERS\ss96\ss9601.htm --> ftp.tripod.com /ss96 ss9601.htm
98.04.02 11:20 B F:\PUB\PAPERS\ss96\ss9602.htm --> ftp.tripod.com /ss96 ss9602.htm
98.04.02 11:20 B F:\PUB\PAPERS\ss96\ss9603.htm --> ftp.tripod.com /ss96 ss9603.htm
98.04.02 11:20 B F:\PUB\PAPERS\ss96\ss9604.htm --> ftp.tripod.com /ss96 ss9604.htm
98.04.02 11:20 B F:\PUB\PAPERS\ss96\ss9605.htm --> ftp.tripod.com /ss96 ss9605.htm
98.04.02 11:20 B F:\PUB\PAPERS\ss96\ss9606.htm --> ftp.tripod.com /ss96 ss9606.htm
98.04.02 11:20 B F:\PUB\PAPERS\ss96\ss9607.htm --> ftp.tripod.com /ss96 ss9607.htm
98.04.02 11:20 B F:\PUB\PAPERS\ss96\ss9608.htm --> ftp.tripod.com /ss96 ss9608.htm
98.04.02 11:20 B F:\PUB\PAPERS\ss96\ss9609.htm --> ftp.tripod.com /ss96 ss9609.htm
98.04.02 11:20 B F:\PUB\PAPERS\ss96\ss9610.htm --> ftp.tripod.com /ss96 ss9610.htm
98.04.02 11:20 B F:\PUB\PAPERS\ss96\ss9611.htm --> ftp.tripod.com /ss96 ss9611.htm
98.04.02 11:20 B F:\PUB\PAPERS\ss96\ss9612.htm --> ftp.tripod.com /ss96 ss9612.htm
98.04.02 11:20 B F:\PUB\PAPERS\ss96\ss9613.htm --> ftp.tripod.com /ss96 ss9613.htm
98.04.02 11:20 B F:\PUB\PAPERS\ss96\ss9614.htm --> ftp.tripod.com /ss96 ss9614.htm
98.04.02 11:20 B F:\PUB\PAPERS\ss96\ss9615.htm --> ftp.tripod.com /ss96 ss9615.htm
98.04.02 11:20 B F:\PUB\PAPERS\ss96\tiedye.gif --> ftp.tripod.com /ss96 tiedye.gif
98.04.02 11:20 B F:\PUB\PAPERS\ss96\toc.htm --> ftp.tripod.com /ss96 toc.htm
98.04.02 11:21 B F:\PUB\PAPERS\ss96\u_hand.gif --> ftp.tripod.com /ss96 u_hand.gif
98.04.02 11:21 B F:\PUB\PAPERS\ss96\va.gif --> ftp.tripod.com /ss96 va.gif
98.04.02 11:21 B F:\PUB\PAPERS\ss96\vawww.gif --> ftp.tripod.com /ss96 vawww.gif
98.04.02 11:21 B F:\PUB\PAPERS\ss96\vawww-orig.gif --> ftp.tripod.com /ss96 vawww-orig.gif
98.04.02 11:21 B F:\PUB\PAPERS\ss96\vawww-s.gif --> ftp.tripod.com /ss96 vawww-s.gif
98.04.02 11:24 B F:\PUB\PAPERS\ss96\index.html --> ftp.tripod.com /ss96 index.html
